2023-12-17 00:12:588 INFO  HomePage :32 - Clicking on login link : [[ChromeDriver: chrome on windows (2feb0165195d6be2fc4708458c209152)] -> link text: Log in]
2023-12-17 00:12:743 INFO  LoginPage :53 - Getting text from : [[ChromeDriver: chrome on windows (2feb0165195d6be2fc4708458c209152)] -> xpath: //h1[contains(text(),'Welcome, Please Sign In!')]]
2023-12-17 00:12:353 INFO  HomePage :32 - Clicking on login link : [[ChromeDriver: chrome on windows (aeac6794158549983bc35daf1cb07320)] -> link text: Log in]
2023-12-17 00:12:839 INFO  HomePage :32 - Clicking on login link : [[ChromeDriver: chrome on windows (c609ed2506ea35b086371e79fdc5024a)] -> link text: Log in]
2023-12-17 00:12:710 INFO  HomePage :32 - Clicking on login link : [[ChromeDriver: chrome on windows (d0a4c6325d183af6a4f2966b405336f1)] -> link text: Log in]
2023-12-17 00:12:329 INFO  HomePage :32 - Clicking on login link : [[ChromeDriver: chrome on windows (f9d9fa90aeb0441d229257b39ea42eb1)] -> link text: Log in]
2023-12-17 00:12:485 INFO  HomePage :32 - Clicking on login link : [[ChromeDriver: chrome on windows (33db1ef863fad974fc5da69e68997627)] -> link text: Log in]
2023-12-17 00:12:797 INFO  HomePage :32 - Clicking on login link : [[ChromeDriver: chrome on windows (f8041ce64fec95a563404b1e5d4a221f)] -> link text: Log in]
2023-12-17 00:12:859 INFO  LoginPage :53 - Getting text from : [[ChromeDriver: chrome on windows (f8041ce64fec95a563404b1e5d4a221f)] -> xpath: //h1[contains(text(),'Welcome, Please Sign In!')]]
2023-12-17 00:12:260 INFO  HomePage :32 - Clicking on login link : [[ChromeDriver: chrome on windows (b8880696642290ee6e45fc9cb2275810)] -> link text: Log in]
2023-12-17 00:12:494 INFO  HomePage :32 - Clicking on login link : [[ChromeDriver: chrome on windows (f8cc1d64f6ff291f31c2d2e318bc3473)] -> link text: Log in]
2023-12-17 00:12:745 INFO  HomePage :32 - Clicking on login link : [[ChromeDriver: chrome on windows (33364525ee2fc4ab685bb486a0d94cc2)] -> link text: Log in]
2023-12-17 00:12:507 INFO  HomePage :32 - Clicking on login link : [[ChromeDriver: chrome on windows (d34b5de3550ae558999ead2698bfb894)] -> link text: Log in]
2023-12-17 00:12:335 INFO  HomePage :32 - Clicking on login link : [[ChromeDriver: chrome on windows (3bc93bdb843cc92c21524c3e4ecff460)] -> link text: Log in]
2023-12-17 00:12:409 INFO  LoginPage :53 - Getting text from : [[ChromeDriver: chrome on windows (3bc93bdb843cc92c21524c3e4ecff460)] -> xpath: //h1[contains(text(),'Welcome, Please Sign In!')]]
2023-12-17 00:12:846 INFO  HomePage :32 - Clicking on login link : [[ChromeDriver: chrome on windows (a6d50f485b058bd5a138ea9723e61da3)] -> link text: Log in]
2023-12-17 00:12:130 INFO  HomePage :32 - Clicking on login link : [[ChromeDriver: chrome on windows (e7473a76e9c8fe25dcce957d56dc8cf2)] -> link text: Log in]
2023-12-17 00:12:397 INFO  HomePage :32 - Clicking on login link : [[ChromeDriver: chrome on windows (ee085cef78a59910b00b5e50d653a735)] -> link text: Log in]
2023-12-17 00:12:97 INFO  HomePage :32 - Clicking on login link : [[ChromeDriver: chrome on windows (6ed488a23d83ad837f34348c4be261cf)] -> link text: Log in]
2023-12-17 00:12:902 INFO  HomePage :32 - Clicking on login link : [[ChromeDriver: chrome on windows (4194edbcda3eb43cb457a74d0ba08363)] -> link text: Log in]
2023-12-17 00:12:152 INFO  HomePage :32 - Clicking on login link : [[ChromeDriver: chrome on windows (234a025c5e6beb5c75bbd581bc78bed4)] -> link text: Log in]
2023-12-17 00:12:218 INFO  LoginPage :53 - Getting text from : [[ChromeDriver: chrome on windows (234a025c5e6beb5c75bbd581bc78bed4)] -> xpath: //h1[contains(text(),'Welcome, Please Sign In!')]]
2023-12-17 00:12:421 INFO  HomePage :32 - Clicking on login link : [[ChromeDriver: chrome on windows (eeae21fa72ce7698d9225b3044b7befe)] -> link text: Log in]
2023-12-17 00:12:828 INFO  HomePage :32 - Clicking on login link : [[ChromeDriver: chrome on windows (abfa5f357411f12b8948edfe785e7548)] -> link text: Log in]
2023-12-17 00:12:433 INFO  HomePage :32 - Clicking on login link : [[ChromeDriver: chrome on windows (f6e0de28497c530f79081c983dd99883)] -> link text: Log in]
2023-12-17 00:12:64 INFO  HomePage :32 - Clicking on login link : [[ChromeDriver: chrome on windows (9e08082d9d620df29bd57759001ab7d7)] -> link text: Log in]
2023-12-17 00:12:688 INFO  HomePage :32 - Clicking on login link : [[ChromeDriver: chrome on windows (e48e972f72c810203fd500d1dc90dedc)] -> link text: Log in]
2023-12-17 01:12:851 INFO  HomePage :32 - Clicking on login link : [[ChromeDriver: chrome on windows (6c076086a9e0943390f01a6619c4e44f)] -> link text: Log in]
2023-12-17 01:12:915 INFO  LoginPage :56 - Getting text from : [[ChromeDriver: chrome on windows (6c076086a9e0943390f01a6619c4e44f)] -> xpath: //h1[contains(text(),'Welcome, Please Sign In!')]]
2023-12-17 01:12:470 INFO  HomePage :32 - Clicking on login link : [[ChromeDriver: chrome on windows (6205cf552290419adb17caec0591ec0b)] -> link text: Log in]
2023-12-17 01:12:617 INFO  LoginPage :62 - email : [[ChromeDriver: chrome on windows (6205cf552290419adb17caec0591ec0b)] -> xpath: //h1[contains(text(),'Welcome, Please Sign In!')]]
2023-12-17 01:12:725 INFO  LoginPage :67 - password : [[ChromeDriver: chrome on windows (6205cf552290419adb17caec0591ec0b)] -> xpath: //h1[contains(text(),'Welcome, Please Sign In!')]]
2023-12-17 01:12:99 INFO  LoginPage :72 - login button : [[ChromeDriver: chrome on windows (6205cf552290419adb17caec0591ec0b)] -> xpath: //h1[contains(text(),'Welcome, Please Sign In!')]]
2023-12-17 01:12:130 INFO  LoginPage :76 - error message : [[ChromeDriver: chrome on windows (6205cf552290419adb17caec0591ec0b)] -> xpath: //h1[contains(text(),'Welcome, Please Sign In!')]]
2023-12-17 01:12:573 INFO  HomePage :32 - Clicking on login link : [[ChromeDriver: chrome on windows (e874ce493d159f63eabf1392151d339e)] -> link text: Log in]
2023-12-17 01:12:689 INFO  LoginPage :62 - email : [[ChromeDriver: chrome on windows (e874ce493d159f63eabf1392151d339e)] -> xpath: //h1[contains(text(),'Welcome, Please Sign In!')]]
2023-12-17 01:12:786 INFO  LoginPage :67 - password : [[ChromeDriver: chrome on windows (e874ce493d159f63eabf1392151d339e)] -> xpath: //h1[contains(text(),'Welcome, Please Sign In!')]]
2023-12-17 01:12:167 INFO  LoginPage :72 - login button : [[ChromeDriver: chrome on windows (e874ce493d159f63eabf1392151d339e)] -> xpath: //h1[contains(text(),'Welcome, Please Sign In!')]]
2023-12-17 01:12:188 INFO  LoginPage :76 - error message : [[ChromeDriver: chrome on windows (e874ce493d159f63eabf1392151d339e)] -> xpath: //h1[contains(text(),'Welcome, Please Sign In!')]]
2023-12-17 01:12:328 INFO  HomePage :32 - Clicking on login link : [[ChromeDriver: chrome on windows (3485ece22a1fc9bc831029f425d6800a)] -> link text: Log in]
2023-12-17 01:12:460 INFO  LoginPage :62 - email : [[ChromeDriver: chrome on windows (3485ece22a1fc9bc831029f425d6800a)] -> xpath: //h1[contains(text(),'Welcome, Please Sign In!')]]
2023-12-17 01:12:559 INFO  LoginPage :67 - password : [[ChromeDriver: chrome on windows (3485ece22a1fc9bc831029f425d6800a)] -> xpath: //h1[contains(text(),'Welcome, Please Sign In!')]]
2023-12-17 01:12:963 INFO  LoginPage :72 - login button : [[ChromeDriver: chrome on windows (3485ece22a1fc9bc831029f425d6800a)] -> xpath: //h1[contains(text(),'Welcome, Please Sign In!')]]
2023-12-17 01:12:989 INFO  LoginPage :76 - error message : [[ChromeDriver: chrome on windows (3485ece22a1fc9bc831029f425d6800a)] -> xpath: //h1[contains(text(),'Welcome, Please Sign In!')]]
2023-12-17 01:12:275 INFO  HomePage :32 - Clicking on login link : [[ChromeDriver: chrome on windows (28b89ac04fcbb9d0a43f87bed2e42596)] -> link text: Log in]
2023-12-17 01:12:417 INFO  LoginPage :62 - email : [[ChromeDriver: chrome on windows (28b89ac04fcbb9d0a43f87bed2e42596)] -> xpath: //h1[contains(text(),'Welcome, Please Sign In!')]]
2023-12-17 01:12:528 INFO  LoginPage :67 - password : [[ChromeDriver: chrome on windows (28b89ac04fcbb9d0a43f87bed2e42596)] -> xpath: //h1[contains(text(),'Welcome, Please Sign In!')]]
2023-12-17 01:12:928 INFO  LoginPage :72 - login button : [[ChromeDriver: chrome on windows (28b89ac04fcbb9d0a43f87bed2e42596)] -> xpath: //h1[contains(text(),'Welcome, Please Sign In!')]]
2023-12-17 01:12:387 INFO  HomePage :32 - Clicking on login link : [[ChromeDriver: chrome on windows (e09fadaa24e1ef98ffe9e7c8f585dba9)] -> link text: Log in]
2023-12-17 01:12:509 INFO  LoginPage :62 - email : [[ChromeDriver: chrome on windows (e09fadaa24e1ef98ffe9e7c8f585dba9)] -> xpath: //h1[contains(text(),'Welcome, Please Sign In!')]]
2023-12-17 01:12:613 INFO  LoginPage :67 - password : [[ChromeDriver: chrome on windows (e09fadaa24e1ef98ffe9e7c8f585dba9)] -> xpath: //h1[contains(text(),'Welcome, Please Sign In!')]]
2023-12-17 01:12:00 INFO  LoginPage :72 - login button : [[ChromeDriver: chrome on windows (e09fadaa24e1ef98ffe9e7c8f585dba9)] -> xpath: //h1[contains(text(),'Welcome, Please Sign In!')]]
2023-12-17 01:12:292 INFO  HomePage :32 - Clicking on login link : [[ChromeDriver: chrome on windows (a3b3cd2eecf16a738051a94ff9704d8c)] -> link text: Log in]
2023-12-17 01:12:373 INFO  LoginPage :56 - Getting text from : [[ChromeDriver: chrome on windows (a3b3cd2eecf16a738051a94ff9704d8c)] -> xpath: //h1[contains(text(),'Welcome, Please Sign In!')]]
2023-12-17 01:12:119 INFO  HomePage :32 - Clicking on login link : [[ChromeDriver: chrome on windows (e79c5d5642c7a4645995b9f51b8037d5)] -> link text: Log in]
2023-12-17 01:12:244 INFO  LoginPage :62 - email : [[ChromeDriver: chrome on windows (e79c5d5642c7a4645995b9f51b8037d5)] -> xpath: //h1[contains(text(),'Welcome, Please Sign In!')]]
2023-12-17 01:12:348 INFO  LoginPage :67 - password : [[ChromeDriver: chrome on windows (e79c5d5642c7a4645995b9f51b8037d5)] -> xpath: //h1[contains(text(),'Welcome, Please Sign In!')]]
2023-12-17 01:12:828 INFO  LoginPage :72 - login button : [[ChromeDriver: chrome on windows (e79c5d5642c7a4645995b9f51b8037d5)] -> xpath: //h1[contains(text(),'Welcome, Please Sign In!')]]
2023-12-17 01:12:844 INFO  LoginPage :76 - error message : [[ChromeDriver: chrome on windows (e79c5d5642c7a4645995b9f51b8037d5)] -> xpath: //h1[contains(text(),'Welcome, Please Sign In!')]]
2023-12-17 01:12:913 INFO  HomePage :32 - Clicking on login link : [[ChromeDriver: chrome on windows (8140b7e2ce5601c3908d5b1f842224e0)] -> link text: Log in]
2023-12-17 01:12:37 INFO  LoginPage :62 - email : [[ChromeDriver: chrome on windows (8140b7e2ce5601c3908d5b1f842224e0)] -> xpath: //h1[contains(text(),'Welcome, Please Sign In!')]]
2023-12-17 01:12:144 INFO  LoginPage :67 - password : [[ChromeDriver: chrome on windows (8140b7e2ce5601c3908d5b1f842224e0)] -> xpath: //h1[contains(text(),'Welcome, Please Sign In!')]]
2023-12-17 01:12:604 INFO  LoginPage :72 - login button : [[ChromeDriver: chrome on windows (8140b7e2ce5601c3908d5b1f842224e0)] -> xpath: //h1[contains(text(),'Welcome, Please Sign In!')]]
2023-12-17 01:12:617 INFO  LoginPage :76 - error message : [[ChromeDriver: chrome on windows (8140b7e2ce5601c3908d5b1f842224e0)] -> xpath: //h1[contains(text(),'Welcome, Please Sign In!')]]
2023-12-17 01:12:709 INFO  HomePage :32 - Clicking on login link : [[ChromeDriver: chrome on windows (224a826eeaf1a0565c5c6506b4fd7e70)] -> link text: Log in]
2023-12-17 01:12:847 INFO  LoginPage :62 - email : [[ChromeDriver: chrome on windows (224a826eeaf1a0565c5c6506b4fd7e70)] -> xpath: //h1[contains(text(),'Welcome, Please Sign In!')]]
2023-12-17 01:12:976 INFO  LoginPage :67 - password : [[ChromeDriver: chrome on windows (224a826eeaf1a0565c5c6506b4fd7e70)] -> xpath: //h1[contains(text(),'Welcome, Please Sign In!')]]
2023-12-17 01:12:393 INFO  LoginPage :72 - login button : [[ChromeDriver: chrome on windows (224a826eeaf1a0565c5c6506b4fd7e70)] -> xpath: //h1[contains(text(),'Welcome, Please Sign In!')]]
2023-12-17 01:12:412 INFO  LoginPage :76 - error message : [[ChromeDriver: chrome on windows (224a826eeaf1a0565c5c6506b4fd7e70)] -> xpath: //h1[contains(text(),'Welcome, Please Sign In!')]]
2023-12-17 01:12:129 INFO  HomePage :32 - Clicking on login link : [[ChromeDriver: chrome on windows (c3670cd93a802a0b4d21cffdb2003615)] -> link text: Log in]
2023-12-17 01:12:273 INFO  LoginPage :62 - email : [[ChromeDriver: chrome on windows (c3670cd93a802a0b4d21cffdb2003615)] -> xpath: //h1[contains(text(),'Welcome, Please Sign In!')]]
2023-12-17 01:12:389 INFO  LoginPage :67 - password : [[ChromeDriver: chrome on windows (c3670cd93a802a0b4d21cffdb2003615)] -> xpath: //h1[contains(text(),'Welcome, Please Sign In!')]]
2023-12-17 01:12:805 INFO  LoginPage :72 - login button : [[ChromeDriver: chrome on windows (c3670cd93a802a0b4d21cffdb2003615)] -> xpath: //h1[contains(text(),'Welcome, Please Sign In!')]]
2023-12-17 01:12:265 INFO  HomePage :32 - Clicking on login link : [[ChromeDriver: chrome on windows (f436b0bf2bd48e7b0991eb80a1516881)] -> link text: Log in]
2023-12-17 01:12:410 INFO  LoginPage :62 - email : [[ChromeDriver: chrome on windows (f436b0bf2bd48e7b0991eb80a1516881)] -> xpath: //h1[contains(text(),'Welcome, Please Sign In!')]]
2023-12-17 01:12:525 INFO  LoginPage :67 - password : [[ChromeDriver: chrome on windows (f436b0bf2bd48e7b0991eb80a1516881)] -> xpath: //h1[contains(text(),'Welcome, Please Sign In!')]]
2023-12-17 01:12:885 INFO  LoginPage :72 - login button : [[ChromeDriver: chrome on windows (f436b0bf2bd48e7b0991eb80a1516881)] -> xpath: //h1[contains(text(),'Welcome, Please Sign In!')]]
2023-12-17 01:12:920 INFO  HomePage :32 - Clicking on login link : [[ChromeDriver: chrome on windows (0f9e1518f432be962cc6284f96c9df7b)] -> link text: Log in]
2023-12-17 01:12:988 INFO  LoginPage :56 - Getting text from : [[ChromeDriver: chrome on windows (0f9e1518f432be962cc6284f96c9df7b)] -> xpath: //h1[contains(text(),'Welcome, Please Sign In!')]]
2023-12-17 01:12:518 INFO  HomePage :32 - Clicking on login link : [[ChromeDriver: chrome on windows (53859bbd4da806c2bfcac2fc14d92bd8)] -> link text: Log in]
2023-12-17 01:12:638 INFO  LoginPage :62 - email : [[ChromeDriver: chrome on windows (53859bbd4da806c2bfcac2fc14d92bd8)] -> xpath: //h1[contains(text(),'Welcome, Please Sign In!')]]
2023-12-17 01:12:739 INFO  LoginPage :67 - password : [[ChromeDriver: chrome on windows (53859bbd4da806c2bfcac2fc14d92bd8)] -> xpath: //h1[contains(text(),'Welcome, Please Sign In!')]]
2023-12-17 01:12:129 INFO  LoginPage :72 - login button : [[ChromeDriver: chrome on windows (53859bbd4da806c2bfcac2fc14d92bd8)] -> xpath: //h1[contains(text(),'Welcome, Please Sign In!')]]
2023-12-17 01:12:144 INFO  LoginPage :76 - error message : [[ChromeDriver: chrome on windows (53859bbd4da806c2bfcac2fc14d92bd8)] -> xpath: //h1[contains(text(),'Welcome, Please Sign In!')]]
2023-12-17 01:12:248 INFO  HomePage :32 - Clicking on login link : [[ChromeDriver: chrome on windows (d21ea7116b3f1362feae281a1733eceb)] -> link text: Log in]
2023-12-17 01:12:384 INFO  LoginPage :62 - email : [[ChromeDriver: chrome on windows (d21ea7116b3f1362feae281a1733eceb)] -> xpath: //h1[contains(text(),'Welcome, Please Sign In!')]]
2023-12-17 01:12:493 INFO  LoginPage :67 - password : [[ChromeDriver: chrome on windows (d21ea7116b3f1362feae281a1733eceb)] -> xpath: //h1[contains(text(),'Welcome, Please Sign In!')]]
2023-12-17 01:12:917 INFO  LoginPage :72 - login button : [[ChromeDriver: chrome on windows (d21ea7116b3f1362feae281a1733eceb)] -> xpath: //h1[contains(text(),'Welcome, Please Sign In!')]]
2023-12-17 01:12:930 INFO  LoginPage :76 - error message : [[ChromeDriver: chrome on windows (d21ea7116b3f1362feae281a1733eceb)] -> xpath: //h1[contains(text(),'Welcome, Please Sign In!')]]
2023-12-17 01:12:936 INFO  HomePage :32 - Clicking on login link : [[ChromeDriver: chrome on windows (e5b2ab54b9cd0577e0a5731eb9927017)] -> link text: Log in]
2023-12-17 01:12:53 INFO  LoginPage :62 - email : [[ChromeDriver: chrome on windows (e5b2ab54b9cd0577e0a5731eb9927017)] -> xpath: //h1[contains(text(),'Welcome, Please Sign In!')]]
2023-12-17 01:12:149 INFO  LoginPage :67 - password : [[ChromeDriver: chrome on windows (e5b2ab54b9cd0577e0a5731eb9927017)] -> xpath: //h1[contains(text(),'Welcome, Please Sign In!')]]
2023-12-17 01:12:505 INFO  LoginPage :72 - login button : [[ChromeDriver: chrome on windows (e5b2ab54b9cd0577e0a5731eb9927017)] -> xpath: //h1[contains(text(),'Welcome, Please Sign In!')]]
2023-12-17 01:12:520 INFO  LoginPage :76 - error message : [[ChromeDriver: chrome on windows (e5b2ab54b9cd0577e0a5731eb9927017)] -> xpath: //h1[contains(text(),'Welcome, Please Sign In!')]]
2023-12-17 01:12:523 INFO  HomePage :32 - Clicking on login link : [[ChromeDriver: chrome on windows (e7488fc001b612e80ae69c31f8e30fb2)] -> link text: Log in]
2023-12-17 01:12:656 INFO  LoginPage :62 - email : [[ChromeDriver: chrome on windows (e7488fc001b612e80ae69c31f8e30fb2)] -> xpath: //h1[contains(text(),'Welcome, Please Sign In!')]]
2023-12-17 01:12:768 INFO  LoginPage :67 - password : [[ChromeDriver: chrome on windows (e7488fc001b612e80ae69c31f8e30fb2)] -> xpath: //h1[contains(text(),'Welcome, Please Sign In!')]]
2023-12-17 01:12:330 INFO  LoginPage :72 - login button : Proxy element for: DefaultElementLocator 'By.xpath: //h1[contains(text(),'Welcome, Please Sign In!')]'
2023-12-17 01:12:142 INFO  HomePage :32 - Clicking on login link : [[ChromeDriver: chrome on windows (f9680825b4e2048fd4029dc188e13008)] -> link text: Log in]
2023-12-17 01:12:268 INFO  LoginPage :62 - email : [[ChromeDriver: chrome on windows (f9680825b4e2048fd4029dc188e13008)] -> xpath: //h1[contains(text(),'Welcome, Please Sign In!')]]
2023-12-17 01:12:383 INFO  LoginPage :67 - password : [[ChromeDriver: chrome on windows (f9680825b4e2048fd4029dc188e13008)] -> xpath: //h1[contains(text(),'Welcome, Please Sign In!')]]
2023-12-17 01:12:32 INFO  LoginPage :72 - login button : Proxy element for: DefaultElementLocator 'By.xpath: //h1[contains(text(),'Welcome, Please Sign In!')]'
2023-12-17 01:12:578 INFO  LoginPage :93 - logout : Proxy element for: DefaultElementLocator 'By.xpath: //h1[contains(text(),'Welcome, Please Sign In!')]'
2023-12-17 15:12:773 INFO  HomePage :32 - Clicking on login link : [[ChromeDriver: chrome on windows (18a04cf08f627960bfaddf76a640c4ba)] -> link text: Log in]
2023-12-17 15:12:915 INFO  LoginPage :56 - Getting text from : [[ChromeDriver: chrome on windows (18a04cf08f627960bfaddf76a640c4ba)] -> xpath: //h1[contains(text(),'Welcome, Please Sign In!')]]
2023-12-17 15:12:51 INFO  HomePage :32 - Clicking on login link : [[ChromeDriver: chrome on windows (c50c87465bce697fb403fc714827e8a0)] -> link text: Log in]
2023-12-17 15:12:509 INFO  LoginPage :62 - email : [[ChromeDriver: chrome on windows (c50c87465bce697fb403fc714827e8a0)] -> xpath: //h1[contains(text(),'Welcome, Please Sign In!')]]
2023-12-17 15:12:843 INFO  LoginPage :67 - password : [[ChromeDriver: chrome on windows (c50c87465bce697fb403fc714827e8a0)] -> xpath: //h1[contains(text(),'Welcome, Please Sign In!')]]
2023-12-17 15:12:696 INFO  LoginPage :72 - login button : [[ChromeDriver: chrome on windows (c50c87465bce697fb403fc714827e8a0)] -> xpath: //h1[contains(text(),'Welcome, Please Sign In!')]]
2023-12-17 15:12:722 INFO  LoginPage :76 - error message : [[ChromeDriver: chrome on windows (c50c87465bce697fb403fc714827e8a0)] -> xpath: //h1[contains(text(),'Welcome, Please Sign In!')]]
2023-12-17 15:12:27 INFO  HomePage :32 - Clicking on login link : [[ChromeDriver: chrome on windows (565e60f898e6828deb3f29e87a107a1b)] -> link text: Log in]
2023-12-17 15:12:516 INFO  LoginPage :62 - email : [[ChromeDriver: chrome on windows (565e60f898e6828deb3f29e87a107a1b)] -> xpath: //h1[contains(text(),'Welcome, Please Sign In!')]]
2023-12-17 15:12:168 INFO  LoginPage :67 - password : [[ChromeDriver: chrome on windows (565e60f898e6828deb3f29e87a107a1b)] -> xpath: //h1[contains(text(),'Welcome, Please Sign In!')]]
2023-12-17 15:12:803 INFO  LoginPage :72 - login button : [[ChromeDriver: chrome on windows (565e60f898e6828deb3f29e87a107a1b)] -> xpath: //h1[contains(text(),'Welcome, Please Sign In!')]]
2023-12-17 15:12:848 INFO  LoginPage :76 - error message : [[ChromeDriver: chrome on windows (565e60f898e6828deb3f29e87a107a1b)] -> xpath: //h1[contains(text(),'Welcome, Please Sign In!')]]
2023-12-17 15:12:960 INFO  HomePage :32 - Clicking on login link : [[ChromeDriver: chrome on windows (6b795517e16a040371c4d3fe0ba84a7b)] -> link text: Log in]
2023-12-17 15:12:540 INFO  LoginPage :62 - email : [[ChromeDriver: chrome on windows (6b795517e16a040371c4d3fe0ba84a7b)] -> xpath: //h1[contains(text(),'Welcome, Please Sign In!')]]
2023-12-17 15:12:941 INFO  LoginPage :67 - password : [[ChromeDriver: chrome on windows (6b795517e16a040371c4d3fe0ba84a7b)] -> xpath: //h1[contains(text(),'Welcome, Please Sign In!')]]
2023-12-17 15:12:123 INFO  LoginPage :72 - login button : [[ChromeDriver: chrome on windows (6b795517e16a040371c4d3fe0ba84a7b)] -> xpath: //h1[contains(text(),'Welcome, Please Sign In!')]]
2023-12-17 15:12:259 INFO  LoginPage :76 - error message : [[ChromeDriver: chrome on windows (6b795517e16a040371c4d3fe0ba84a7b)] -> xpath: //h1[contains(text(),'Welcome, Please Sign In!')]]
2023-12-17 15:12:978 INFO  HomePage :32 - Clicking on login link : [[ChromeDriver: chrome on windows (a4ddc94afc52a3445f8771fcf9fc17da)] -> link text: Log in]
2023-12-17 15:12:423 INFO  LoginPage :62 - email : [[ChromeDriver: chrome on windows (a4ddc94afc52a3445f8771fcf9fc17da)] -> xpath: //h1[contains(text(),'Welcome, Please Sign In!')]]
2023-12-17 15:12:632 INFO  LoginPage :67 - password : [[ChromeDriver: chrome on windows (a4ddc94afc52a3445f8771fcf9fc17da)] -> xpath: //h1[contains(text(),'Welcome, Please Sign In!')]]
2023-12-17 15:12:533 INFO  LoginPage :72 - login button : [[ChromeDriver: chrome on windows (a4ddc94afc52a3445f8771fcf9fc17da)] -> xpath: //h1[contains(text(),'Welcome, Please Sign In!')]]
2023-12-17 15:12:817 INFO  HomePage :32 - Clicking on login link : [[ChromeDriver: chrome on windows (7aaf5f57742e0db4371e821273077063)] -> link text: Log in]
2023-12-17 15:12:680 INFO  LoginPage :62 - email : [[ChromeDriver: chrome on windows (7aaf5f57742e0db4371e821273077063)] -> xpath: //h1[contains(text(),'Welcome, Please Sign In!')]]
2023-12-17 15:12:272 INFO  LoginPage :67 - password : [[ChromeDriver: chrome on windows (7aaf5f57742e0db4371e821273077063)] -> xpath: //h1[contains(text(),'Welcome, Please Sign In!')]]
2023-12-17 15:12:660 INFO  LoginPage :72 - login button : [[ChromeDriver: chrome on windows (7aaf5f57742e0db4371e821273077063)] -> xpath: //h1[contains(text(),'Welcome, Please Sign In!')]]
2023-12-17 15:12:725 INFO  HomePage :32 - Clicking on login link : [[ChromeDriver: chrome on windows (7ea2cdca45b5a2194363b6b622d175f8)] -> link text: Log in]
2023-12-17 15:12:868 INFO  LoginPage :56 - Getting text from : [[ChromeDriver: chrome on windows (7ea2cdca45b5a2194363b6b622d175f8)] -> xpath: //h1[contains(text(),'Welcome, Please Sign In!')]]
2023-12-17 15:12:477 INFO  HomePage :32 - Clicking on login link : [[ChromeDriver: chrome on windows (5dd990923e7fecd7c1db06b4b2da6165)] -> link text: Log in]
2023-12-17 15:12:762 INFO  LoginPage :62 - email : [[ChromeDriver: chrome on windows (5dd990923e7fecd7c1db06b4b2da6165)] -> xpath: //h1[contains(text(),'Welcome, Please Sign In!')]]
2023-12-17 15:12:721 INFO  LoginPage :67 - password : [[ChromeDriver: chrome on windows (5dd990923e7fecd7c1db06b4b2da6165)] -> xpath: //h1[contains(text(),'Welcome, Please Sign In!')]]
2023-12-17 15:12:928 INFO  LoginPage :72 - login button : [[ChromeDriver: chrome on windows (5dd990923e7fecd7c1db06b4b2da6165)] -> xpath: //h1[contains(text(),'Welcome, Please Sign In!')]]
2023-12-17 15:12:05 INFO  LoginPage :76 - error message : [[ChromeDriver: chrome on windows (5dd990923e7fecd7c1db06b4b2da6165)] -> xpath: //h1[contains(text(),'Welcome, Please Sign In!')]]
2023-12-17 15:12:926 INFO  HomePage :32 - Clicking on login link : [[ChromeDriver: chrome on windows (153fc99e9d0f769813e0c0eb07c5a2a3)] -> link text: Log in]
2023-12-17 15:12:169 INFO  LoginPage :62 - email : [[ChromeDriver: chrome on windows (153fc99e9d0f769813e0c0eb07c5a2a3)] -> xpath: //h1[contains(text(),'Welcome, Please Sign In!')]]
2023-12-17 15:12:352 INFO  LoginPage :67 - password : [[ChromeDriver: chrome on windows (153fc99e9d0f769813e0c0eb07c5a2a3)] -> xpath: //h1[contains(text(),'Welcome, Please Sign In!')]]
2023-12-17 15:12:00 INFO  LoginPage :72 - login button : [[ChromeDriver: chrome on windows (153fc99e9d0f769813e0c0eb07c5a2a3)] -> xpath: //h1[contains(text(),'Welcome, Please Sign In!')]]
2023-12-17 15:12:36 INFO  LoginPage :76 - error message : [[ChromeDriver: chrome on windows (153fc99e9d0f769813e0c0eb07c5a2a3)] -> xpath: //h1[contains(text(),'Welcome, Please Sign In!')]]
2023-12-17 15:12:511 INFO  HomePage :32 - Clicking on login link : [[ChromeDriver: chrome on windows (b7d3491a44a49165b04cde1a856b773d)] -> link text: Log in]
2023-12-17 15:12:881 INFO  LoginPage :62 - email : [[ChromeDriver: chrome on windows (b7d3491a44a49165b04cde1a856b773d)] -> xpath: //h1[contains(text(),'Welcome, Please Sign In!')]]
2023-12-17 15:12:23 INFO  LoginPage :67 - password : [[ChromeDriver: chrome on windows (b7d3491a44a49165b04cde1a856b773d)] -> xpath: //h1[contains(text(),'Welcome, Please Sign In!')]]
2023-12-17 15:12:583 INFO  LoginPage :72 - login button : [[ChromeDriver: chrome on windows (b7d3491a44a49165b04cde1a856b773d)] -> xpath: //h1[contains(text(),'Welcome, Please Sign In!')]]
2023-12-17 15:12:640 INFO  LoginPage :76 - error message : [[ChromeDriver: chrome on windows (b7d3491a44a49165b04cde1a856b773d)] -> xpath: //h1[contains(text(),'Welcome, Please Sign In!')]]
2023-12-17 15:12:396 INFO  HomePage :32 - Clicking on login link : [[ChromeDriver: chrome on windows (2cd3dc64c483232bb717310eb9f79473)] -> link text: Log in]
2023-12-17 15:12:640 INFO  LoginPage :62 - email : [[ChromeDriver: chrome on windows (2cd3dc64c483232bb717310eb9f79473)] -> xpath: //h1[contains(text(),'Welcome, Please Sign In!')]]
2023-12-17 15:12:856 INFO  LoginPage :67 - password : [[ChromeDriver: chrome on windows (2cd3dc64c483232bb717310eb9f79473)] -> xpath: //h1[contains(text(),'Welcome, Please Sign In!')]]
2023-12-17 15:12:713 INFO  LoginPage :72 - login button : [[ChromeDriver: chrome on windows (2cd3dc64c483232bb717310eb9f79473)] -> xpath: //h1[contains(text(),'Welcome, Please Sign In!')]]
2023-12-17 15:12:967 INFO  HomePage :32 - Clicking on login link : [[ChromeDriver: chrome on windows (7ee74c636b3f15b47971b3a113d8ed5b)] -> link text: Log in]
2023-12-17 15:12:175 INFO  LoginPage :62 - email : [[ChromeDriver: chrome on windows (7ee74c636b3f15b47971b3a113d8ed5b)] -> xpath: //h1[contains(text(),'Welcome, Please Sign In!')]]
2023-12-17 15:12:863 INFO  LoginPage :67 - password : [[ChromeDriver: chrome on windows (7ee74c636b3f15b47971b3a113d8ed5b)] -> xpath: //h1[contains(text(),'Welcome, Please Sign In!')]]
2023-12-17 15:12:624 INFO  LoginPage :72 - login button : [[ChromeDriver: chrome on windows (7ee74c636b3f15b47971b3a113d8ed5b)] -> xpath: //h1[contains(text(),'Welcome, Please Sign In!')]]
2023-12-17 15:12:190 INFO  HomePage :37 - Clicking on register link : [[ChromeDriver: chrome on windows (814519f90a46a64547d2132c68814d21)] -> link text: Register]
2023-12-17 15:12:743 INFO  HomePage :37 - Clicking on register link : [[ChromeDriver: chrome on windows (9abbc1227be8235fd32ffe6a135455e4)] -> link text: Register]
2023-12-17 15:12:522 INFO  HomePage :37 - Clicking on register link : [[ChromeDriver: chrome on windows (36fa80ab7950b8689e1c7296c812a033)] -> link text: Register]
2023-12-17 15:12:973 INFO  HomePage :37 - Clicking on register link : [[ChromeDriver: chrome on windows (29344fbf5b7082166a720ea7c4d4fd3b)] -> link text: Register]
2023-12-17 15:12:404 INFO  HomePage :37 - Clicking on register link : [[ChromeDriver: chrome on windows (4a0615a65956ef5bfdd7a7fcd174e7fc)] -> link text: Register]
2023-12-17 15:12:283 INFO  HomePage :37 - Clicking on register link : [[ChromeDriver: chrome on windows (33b4e294289414dd01fa24f891ef4271)] -> link text: Register]
2023-12-17 15:12:36 INFO  HomePage :37 - Clicking on register link : [[ChromeDriver: chrome on windows (1845057ad0be6ea616e42b8e97ab24f1)] -> link text: Register]
2023-12-17 15:12:977 INFO  HomePage :37 - Clicking on register link : [[ChromeDriver: chrome on windows (087d3e1fd38ead3c1dc7d633e6fb78b5)] -> link text: Register]
2023-12-17 15:12:262 INFO  HomePage :37 - Clicking on register link : [[ChromeDriver: chrome on windows (e1101a1f8431f3a754bce9566f35a735)] -> link text: Register]
2023-12-17 15:12:802 INFO  HomePage :37 - Clicking on register link : [[ChromeDriver: chrome on windows (3ac118220e052c72b176a9f09835a7fb)] -> link text: Register]
2023-12-17 15:12:447 INFO  HomePage :37 - Clicking on register link : [[ChromeDriver: chrome on windows (f1b15273f194802e78d0803d0cb73fb5)] -> link text: Register]
2023-12-17 15:12:600 INFO  HomePage :37 - Clicking on register link : [[ChromeDriver: chrome on windows (0ec02f179bf798d7b46474c4c2925c23)] -> link text: Register]
2023-12-17 15:12:555 INFO  HomePage :37 - Clicking on register link : [[ChromeDriver: chrome on windows (227e93f1d5a3632dbcf60a71d5c7bd8c)] -> link text: Register]
2023-12-17 15:12:08 INFO  HomePage :37 - Clicking on register link : [[ChromeDriver: chrome on windows (3e68e8099c279d5ef7f48ee4832b46c8)] -> link text: Register]
2023-12-17 15:12:141 INFO  HomePage :37 - Clicking on register link : [[ChromeDriver: chrome on windows (1606fb39cf942ebf47fc42c9b4091b68)] -> link text: Register]
2023-12-17 15:12:983 INFO  HomePage :37 - Clicking on register link : [[ChromeDriver: chrome on windows (e6392b408d09432b65cd3bd1536282ff)] -> link text: Register]
2023-12-17 15:12:303 INFO  HomePage :37 - Clicking on register link : [[ChromeDriver: chrome on windows (c65439ff18146e76197fbdb274358287)] -> link text: Register]
2023-12-17 15:12:453 INFO  HomePage :37 - Clicking on register link : [[ChromeDriver: chrome on windows (fb625631269463b7cf71d9b41cdff66e)] -> link text: Register]
2023-12-17 15:12:679 INFO  HomePage :37 - Clicking on register link : [[ChromeDriver: chrome on windows (f614f9801073fa2e812326a368ba1d7c)] -> link text: Register]
2023-12-17 15:12:88 INFO  HomePage :37 - Clicking on register link : [[ChromeDriver: chrome on windows (0b254f3a15df45e7961f8c3d6600476a)] -> link text: Register]
2023-12-17 15:12:518 INFO  HomePage :32 - Clicking on login link : [[ChromeDriver: chrome on windows (3e0b6abfaccd30fb0300c5f8f5f83a3b)] -> link text: Log in]
2023-12-17 15:12:813 INFO  LoginPage :62 - email : [[ChromeDriver: chrome on windows (3e0b6abfaccd30fb0300c5f8f5f83a3b)] -> xpath: //h1[contains(text(),'Welcome, Please Sign In!')]]
2023-12-17 15:12:39 INFO  LoginPage :67 - password : [[ChromeDriver: chrome on windows (3e0b6abfaccd30fb0300c5f8f5f83a3b)] -> xpath: //h1[contains(text(),'Welcome, Please Sign In!')]]
2023-12-17 15:12:765 INFO  LoginPage :72 - login button : [[ChromeDriver: chrome on windows (3e0b6abfaccd30fb0300c5f8f5f83a3b)] -> xpath: //h1[contains(text(),'Welcome, Please Sign In!')]]
2023-12-17 15:12:835 INFO  LoginPage :76 - error message : [[ChromeDriver: chrome on windows (3e0b6abfaccd30fb0300c5f8f5f83a3b)] -> xpath: //h1[contains(text(),'Welcome, Please Sign In!')]]
2023-12-17 15:12:101 INFO  HomePage :32 - Clicking on login link : [[ChromeDriver: chrome on windows (87d48578c26d43e4d82c683ce00b3080)] -> link text: Log in]
2023-12-17 15:12:387 INFO  LoginPage :62 - email : [[ChromeDriver: chrome on windows (87d48578c26d43e4d82c683ce00b3080)] -> xpath: //h1[contains(text(),'Welcome, Please Sign In!')]]
2023-12-17 15:12:650 INFO  LoginPage :67 - password : [[ChromeDriver: chrome on windows (87d48578c26d43e4d82c683ce00b3080)] -> xpath: //h1[contains(text(),'Welcome, Please Sign In!')]]
2023-12-17 15:12:263 INFO  LoginPage :72 - login button : [[ChromeDriver: chrome on windows (87d48578c26d43e4d82c683ce00b3080)] -> xpath: //h1[contains(text(),'Welcome, Please Sign In!')]]
2023-12-17 15:12:300 INFO  LoginPage :76 - error message : [[ChromeDriver: chrome on windows (87d48578c26d43e4d82c683ce00b3080)] -> xpath: //h1[contains(text(),'Welcome, Please Sign In!')]]
2023-12-17 15:12:851 INFO  HomePage :32 - Clicking on login link : [[ChromeDriver: chrome on windows (9da8c528c7943986fdf1e15309764b58)] -> link text: Log in]
2023-12-17 15:12:147 INFO  LoginPage :62 - email : [[ChromeDriver: chrome on windows (9da8c528c7943986fdf1e15309764b58)] -> xpath: //h1[contains(text(),'Welcome, Please Sign In!')]]
2023-12-17 15:12:268 INFO  LoginPage :67 - password : [[ChromeDriver: chrome on windows (9da8c528c7943986fdf1e15309764b58)] -> xpath: //h1[contains(text(),'Welcome, Please Sign In!')]]
2023-12-17 15:12:698 INFO  LoginPage :72 - login button : [[ChromeDriver: chrome on windows (9da8c528c7943986fdf1e15309764b58)] -> xpath: //h1[contains(text(),'Welcome, Please Sign In!')]]
2023-12-17 15:12:717 INFO  LoginPage :76 - error message : [[ChromeDriver: chrome on windows (9da8c528c7943986fdf1e15309764b58)] -> xpath: //h1[contains(text(),'Welcome, Please Sign In!')]]
2023-12-17 15:12:278 INFO  HomePage :32 - Clicking on login link : [[ChromeDriver: chrome on windows (d405744cd0c7104426a4f9564464147e)] -> link text: Log in]
2023-12-17 15:12:433 INFO  LoginPage :62 - email : [[ChromeDriver: chrome on windows (d405744cd0c7104426a4f9564464147e)] -> xpath: //h1[contains(text(),'Welcome, Please Sign In!')]]
2023-12-17 15:12:144 INFO  HomePage :37 - Clicking on register link : [[ChromeDriver: chrome on windows (cf0876db6665dcc0325c0d515e94a230)] -> link text: Register]
2023-12-17 15:12:348 INFO  HomePage :37 - Clicking on register link : [[ChromeDriver: chrome on windows (3d36c284e16c2a5a6585af9b5ca588f2)] -> link text: Register]
2023-12-17 15:12:836 INFO  HomePage :37 - Clicking on register link : [[ChromeDriver: chrome on windows (5bce1d945a22bf8894b18c4a2608eb01)] -> link text: Register]
2023-12-17 15:12:810 INFO  HomePage :37 - Clicking on register link : [[ChromeDriver: chrome on windows (3ebe4481eb72be6ac6037e0a5287f758)] -> link text: Register]
2023-12-17 15:12:184 INFO  HomePage :37 - Clicking on register link : [[ChromeDriver: chrome on windows (476c30a7d168f09473298adad913c794)] -> link text: Register]
2023-12-17 15:12:399 INFO  HomePage :37 - Clicking on register link : [[ChromeDriver: chrome on windows (1ef8cb4e8d3e5becfc47ac745ca1f772)] -> link text: Register]
2023-12-17 15:12:348 INFO  HomePage :37 - Clicking on register link : [[ChromeDriver: chrome on windows (f54bec5d0e4bfd451e6d34b32735abc1)] -> link text: Register]
2023-12-17 15:12:516 INFO  HomePage :37 - Clicking on register link : [[ChromeDriver: chrome on windows (542a59fada96c68f1c287322bc80a3b9)] -> link text: Register]
2023-12-17 15:12:985 INFO  HomePage :37 - Clicking on register link : [[ChromeDriver: chrome on windows (800ff25b830d7db86c55275fde424187)] -> link text: Register]
2023-12-17 15:12:12 INFO  HomePage :37 - Clicking on register link : [[ChromeDriver: chrome on windows (096654bc3241a9c674dc6d08882a3f60)] -> link text: Register]
2023-12-17 15:12:58 INFO  HomePage :37 - Clicking on register link : [[ChromeDriver: chrome on windows (67f3ff1bc3cea77107507f173f5f0b8d)] -> link text: Register]
2023-12-17 15:12:136 INFO  HomePage :37 - Clicking on register link : [[ChromeDriver: chrome on windows (e33a07db4d9755e1ba6f85e97f1df732)] -> link text: Register]
2023-12-17 15:12:652 INFO  HomePage :37 - Clicking on register link : [[ChromeDriver: chrome on windows (6e0fe7243eb35ba101adef7a480505e0)] -> link text: Register]
2023-12-17 15:12:313 INFO  HomePage :37 - Clicking on register link : [[ChromeDriver: chrome on windows (460eca91df806af2124f20858ceeb190)] -> link text: Register]
2023-12-17 15:12:494 INFO  HomePage :37 - Clicking on register link : [[ChromeDriver: chrome on windows (f7f0cfdb2a4d044a46eecaea6da4c755)] -> link text: Register]
2023-12-17 16:12:915 INFO  HomePage :37 - Clicking on register link : [[ChromeDriver: chrome on windows (514723781091b0331a3f103deac7bf9c)] -> link text: Register]
2023-12-17 16:12:499 INFO  HomePage :37 - Clicking on register link : [[ChromeDriver: chrome on windows (caf3a63d1c6efb84270900d2b2515a71)] -> link text: Register]
2023-12-17 16:12:50 INFO  HomePage :37 - Clicking on register link : [[ChromeDriver: chrome on windows (2177cf9717025f592f9216ec82215c6c)] -> link text: Register]
2023-12-17 16:12:154 INFO  HomePage :37 - Clicking on register link : [[ChromeDriver: chrome on windows (e16c025430aecbfd02ec4a6ac9d272c1)] -> link text: Register]
2023-12-17 16:12:609 INFO  HomePage :37 - Clicking on register link : [[ChromeDriver: chrome on windows (057a4ab4dd50fcfabcdb6631b167a823)] -> link text: Register]
2023-12-17 16:12:989 INFO  HomePage :37 - Clicking on register link : [[ChromeDriver: chrome on windows (8f6adbbdbecc2119b6b6a8b02698f1df)] -> link text: Register]
2023-12-17 16:12:324 INFO  HomePage :37 - Clicking on register link : [[ChromeDriver: chrome on windows (61550f9e4e6dff13b745f8aa227a7e4e)] -> link text: Register]
2023-12-17 17:12:698 INFO  HomePage :40 - Clicking on login link : [[ChromeDriver: chrome on windows (5c6dc896c6fe7c9e3e79a4824cb61706)] -> link text: Log in]
2023-12-17 17:12:752 INFO  LoginPage :56 - Getting text from : [[ChromeDriver: chrome on windows (5c6dc896c6fe7c9e3e79a4824cb61706)] -> xpath: //h1[contains(text(),'Welcome, Please Sign In!')]]
2023-12-17 17:12:638 INFO  HomePage :45 - Clicking on register link : [[ChromeDriver: chrome on windows (b4f6d904c2b91775e345b32100815e16)] -> link text: Register]
2023-12-17 17:12:580 INFO  HomePage :45 - Clicking on register link : [[ChromeDriver: chrome on windows (d2123c85072f41ed63592539762c1ba6)] -> link text: Register]
2023-12-17 17:12:851 INFO  HomePage :45 - Clicking on register link : [[ChromeDriver: chrome on windows (29ef258113fad39f172a5c6fa1ebba5f)] -> link text: Register]
2023-12-17 17:12:639 INFO  HomePage :45 - Clicking on register link : [[ChromeDriver: chrome on windows (a37171d992cd4c812d0bfcbd3d8f2a2b)] -> link text: Register]
2023-12-17 17:12:11 INFO  HomePage :45 - Clicking on register link : [[ChromeDriver: chrome on windows (9abc9d3d20833a7227d5f60a8416c80e)] -> link text: Register]
2023-12-17 17:12:713 INFO  HomePage :45 - Clicking on register link : [[ChromeDriver: chrome on windows (4b81c2f5a42ff95f0276701f18937660)] -> link text: Register]
2023-12-17 17:12:402 INFO  HomePage :45 - Clicking on register link : [[ChromeDriver: chrome on windows (28aa863e7ea6a4922a4742f83f467aa5)] -> link text: Register]
